Determining if the pthread_create exist failed with the following output:
Change Dir: /home/cyr/nav_ws/src/imu_serial/build/CMakeFiles/CMakeTmp

Run Build Command:"/usr/bin/make" "cmTC_0e39d/fast"
/usr/bin/make -f CMakeFiles/cmTC_0e39d.dir/build.make CMakeFiles/cmTC_0e39d.dir/build
make[1]: Entering directory '/home/cyr/nav_ws/src/imu_serial/build/CMakeFiles/CMakeTmp'
Building C object CMakeFiles/cmTC_0e39d.dir/CheckSymbolExists.c.o
/usr/bin/x86_64-linux-gnu-gcc-5     -o CMakeFiles/cmTC_0e39d.dir/CheckSymbolExists.c.o   -c /home/cyr/nav_ws/src/imu_serial/build/CMakeFiles/CMakeTmp/CheckSymbolExists.c
Linking C executable cmTC_0e39d
/usr/bin/cmake -E cmake_link_script CMakeFiles/cmTC_0e39d.dir/link.txt --verbose=1
/usr/bin/x86_64-linux-gnu-gcc-5       CMakeFiles/cmTC_0e39d.dir/CheckSymbolExists.c.o  -o cmTC_0e39d -rdynamic 
CMakeFiles/cmTC_0e39d.dir/CheckSymbolExists.c.o：在函数‘main’中：
CheckSymbolExists.c:(.text+0x16)：对‘pthread_create’未定义的引用
collect2: error: ld returned 1 exit status
CMakeFiles/cmTC_0e39d.dir/build.make:97: recipe for target 'cmTC_0e39d' failed
make[1]: *** [cmTC_0e39d] Error 1
make[1]: Leaving directory '/home/cyr/nav_ws/src/imu_serial/build/CMakeFiles/CMakeTmp'
Makefile:126: recipe for target 'cmTC_0e39d/fast' failed
make: *** [cmTC_0e39d/fast] Error 2

File /home/cyr/nav_ws/src/imu_serial/build/CMakeFiles/CMakeTmp/CheckSymbolExists.c:
/* */
#include <pthread.h>

int main(int argc, char** argv)
{
  (void)argv;
#ifndef pthread_create
  return ((int*)(&pthread_create))[argc];
#else
  (void)argc;
  return 0;
#endif
}

Determining if the function pthread_create exists in the pthreads failed with the following output:
Change Dir: /home/cyr/nav_ws/src/imu_serial/build/CMakeFiles/CMakeTmp

Run Build Command:"/usr/bin/make" "cmTC_e36b0/fast"
/usr/bin/make -f CMakeFiles/cmTC_e36b0.dir/build.make CMakeFiles/cmTC_e36b0.dir/build
make[1]: Entering directory '/home/cyr/nav_ws/src/imu_serial/build/CMakeFiles/CMakeTmp'
Building C object CMakeFiles/cmTC_e36b0.dir/CheckFunctionExists.c.o
/usr/bin/x86_64-linux-gnu-gcc-5    -DCHECK_FUNCTION_EXISTS=pthread_create   -o CMakeFiles/cmTC_e36b0.dir/CheckFunctionExists.c.o   -c /usr/share/cmake-3.5/Modules/CheckFunctionExists.c
Linking C executable cmTC_e36b0
/usr/bin/cmake -E cmake_link_script CMakeFiles/cmTC_e36b0.dir/link.txt --verbose=1
/usr/bin/x86_64-linux-gnu-gcc-5   -DCHECK_FUNCTION_EXISTS=pthread_create    CMakeFiles/cmTC_e36b0.dir/CheckFunctionExists.c.o  -o cmTC_e36b0 -rdynamic -lpthreads 
/usr/bin/ld: 找不到 -lpthreads
collect2: error: ld returned 1 exit status
CMakeFiles/cmTC_e36b0.dir/build.make:97: recipe for target 'cmTC_e36b0' failed
make[1]: *** [cmTC_e36b0] Error 1
make[1]: Leaving directory '/home/cyr/nav_ws/src/imu_serial/build/CMakeFiles/CMakeTmp'
Makefile:126: recipe for target 'cmTC_e36b0/fast' failed
make: *** [cmTC_e36b0/fast] Error 2


